<?xml version="1.0" encoding="UTF-8"?>
<!-- Generated by org.testng.reporters.JUnitXMLReporter -->
<testsuite hostname="Kavuris-MacBook-Pro.local" ignored="0" name="FirstTest" tests="4" failures="1" timestamp="2020-03-01T17:06:30 GMT" time="0.145" errors="0">
  <testcase name="logintets" time="0.008" classname="testBase.A">
    <skipped/>
  </testcase> <!-- logintets -->
  <testcase name="logintets" time="0.002" classname="testBase.A">
    <skipped/>
  </testcase> <!-- logintets -->
  <testcase name="logintets" time="0.0" classname="testBase.A">
    <skipped/>
  </testcase> <!-- logintets -->
  <testcase name="logintets" time="0.0" classname="testBase.A">
    <failure type="java.lang.AssertionError">
      <![CDATA[java.lang.AssertionError
at testBase.A.logintets(A.java:12)
at java.util.ArrayList.forEach(ArrayList.java:1255)
... Removed 26 stack frames]]>
    </failure>
  </testcase> <!-- logintets -->
</testsuite> <!-- FirstTest -->
